<?xml version="1.0" encoding="UTF-8"?>
<!-- Generated by org.testng.reporters.JUnitReportReporter -->
<testsuite hostname="LAPTOP-QEDC6A0G" name="Framework.SignInPage" tests="1" failures="0" timestamp="25 Jan 2018 05:15:10 GMT" time="2.722" errors="0">
  <testcase name="windowNavigation" time="2.722" classname="Framework.SignInPage"/>
</testsuite> <!-- Framework.SignInPage -->
